<?xml version="1.0" encoding="UTF-8"?>
<testsuite name="com.thekan.LoadDataTest" tests="6" skipped="0" failures="0" errors="0" timestamp="2022-12-21T20:25:10" hostname="ANDREYPK" time="0.016">
  <properties/>
  <testcase name="isDiscountCardPresent()" classname="com.thekan.LoadDataTest" time="0.003"/>
  <testcase name="getDiscountCards()" classname="com.thekan.LoadDataTest" time="0.001"/>
  <testcase name="orderLoad()" classname="com.thekan.LoadDataTest" time="0.002"/>
  <testcase name="getProducts()" classname="com.thekan.LoadDataTest" time="0.001"/>
  <testcase name="getDiscountCardNumber()" classname="com.thekan.LoadDataTest" time="0.001"/>
  <testcase name="getOrder()" classname="com.thekan.LoadDataTest" time="0.001"/>
  <system-out><![CDATA[]]></system-out>
  <system-err><![CDATA[]]></system-err>
</testsuite>
