<?xml version="1.0" encoding="UTF-8"?>
<testsuite name="com.thekan.check.CheckBodyCreateTest" tests="3" skipped="0" failures="0" errors="0" timestamp="2022-12-21T20:25:10" hostname="ANDREYPK" time="0.03">
  <properties/>
  <testcase name="getTotalForTax()" classname="com.thekan.check.CheckBodyCreateTest" time="0.019"/>
  <testcase name="getTotalForProducts()" classname="com.thekan.check.CheckBodyCreateTest" time="0.001"/>
  <testcase name="bodyLoad()" classname="com.thekan.check.CheckBodyCreateTest" time="0.007"/>
  <system-out><![CDATA[]]></system-out>
  <system-err><![CDATA[]]></system-err>
</testsuite>
