<?xml version="1.0" encoding="UTF-8"?>
<testsuite name="com.thekan.entity.DiscountCardsTest" tests="2" skipped="0" failures="0" errors="0" timestamp="2022-12-21T20:25:10" hostname="ANDREYPK" time="0.003">
  <properties/>
  <testcase name="getDiscountCard1()" classname="com.thekan.entity.DiscountCardsTest" time="0.001"/>
  <testcase name="getDiscountCard2()" classname="com.thekan.entity.DiscountCardsTest" time="0.002"/>
  <system-out><![CDATA[]]></system-out>
  <system-err><![CDATA[]]></system-err>
</testsuite>
