<?xml version="1.0" encoding="UTF-8"?>
<testsuite name="com.thekan.check.CheckPatternTest" tests="6" skipped="0" failures="0" errors="0" timestamp="2022-12-21T21:01:24" hostname="ANDREYPK" time="0.027">
  <properties/>
  <testcase name="patternBody()" classname="com.thekan.check.CheckPatternTest" time="0.001"/>
  <testcase name="center()" classname="com.thekan.check.CheckPatternTest" time="0.004"/>
  <testcase name="patternInfoTest1()" classname="com.thekan.check.CheckPatternTest" time="0.004"/>
  <testcase name="patternInfoTest2()" classname="com.thekan.check.CheckPatternTest" time="0.003"/>
  <testcase name="patternSeparators()" classname="com.thekan.check.CheckPatternTest" time="0.003"/>
  <testcase name="patternInfoCenter()" classname="com.thekan.check.CheckPatternTest" time="0.002"/>
  <system-out><![CDATA[]]></system-out>
  <system-err><![CDATA[]]></system-err>
</testsuite>
