<?xml version="1.0" encoding="UTF-8"?>
<testsuite name="com.thekan.entity.ProductsTest" tests="1" skipped="0" failures="0" errors="0" timestamp="2022-12-21T21:01:24" hostname="ANDREYPK" time="0.001">
  <properties/>
  <testcase name="getProduct1()" classname="com.thekan.entity.ProductsTest" time="0.001"/>
  <system-out><![CDATA[]]></system-out>
  <system-err><![CDATA[]]></system-err>
</testsuite>
