<?xml version="1.0" encoding="UTF-8"?>
<testsuite name="com.thekan.check.CheckPatternTest" tests="6" skipped="0" failures="0" errors="0" timestamp="2022-12-21T20:25:10" hostname="ANDREYPK" time="0.011">
  <properties/>
  <testcase name="patternBody()" classname="com.thekan.check.CheckPatternTest" time="0.001"/>
  <testcase name="center()" classname="com.thekan.check.CheckPatternTest" time="0.001"/>
  <testcase name="patternInfoTest1()" classname="com.thekan.check.CheckPatternTest" time="0.001"/>
  <testcase name="patternInfoTest2()" classname="com.thekan.check.CheckPatternTest" time="0.001"/>
  <testcase name="patternSeparators()" classname="com.thekan.check.CheckPatternTest" time="0.001"/>
  <testcase name="patternInfoCenter()" classname="com.thekan.check.CheckPatternTest" time="0.001"/>
  <system-out><![CDATA[]]></system-out>
  <system-err><![CDATA[]]></system-err>
</testsuite>
